

Started GET "/" for ::1 at 2016-04-07 22:38:27 -0400
Processing by HomeController#index as HTML
  Rendered home/index.html.haml within layouts/application (2.3ms)
Completed 200 OK in 5849ms (Views: 5842.1ms | ActiveRecord: 0.0ms)


Started GET "/assets/jquery.self-a714331225dda820228db323939889f149aec0127aeb06255646b616ba1ca419.js?body=1" for ::1 at 2016-04-07 22:38:33 -0400


Started GET "/assets/jquery_ujs.self-d456baa54c1fa6be2ec3711f0a72ddf7a5b2f34a6b4f515f33767d6207b7d4b3.js?body=1" for ::1 at 2016-04-07 22:38:33 -0400


Started GET "/assets/development-with-addons/react.self-0f0e88a4f5a5deb90e24f4cd0b3ce2aefab69b2118aa370dd8a6e952b3804b78.js?body=1" for ::1 at 2016-04-07 22:38:33 -0400


Started GET "/assets/react_ujs.self-c42e5ee44bcda6910afca6fb40f99d9963074b3aefe72365ce90c24312e73b2b.js?body=1" for ::1 at 2016-04-07 22:38:33 -0400


Started GET "/assets/js-routes.self-2d721d1cef3d4c05fef39b01a52bf7c4d2bcccf82594e7404641d013b4fca06e.js?body=1" for ::1 at 2016-04-07 22:38:34 -0400


Started GET "/assets/react/messages_section.self-8e4f6e10b8205ead389b02a2a0cb126ed244e211f94b0c064a844bc5cdf2f0fb.js?body=1" for ::1 at 2016-04-07 22:38:34 -0400


Started GET "/assets/react/messages/message.self-f0a6549b5ec2a874848cc1e64703a94eeca2b8ac48061bf42fd412cf64503f89.js?body=1" for ::1 at 2016-04-07 22:38:34 -0400


Started GET "/assets/application.self-44dc72337fbefc4f8c73fc8781b922cf9e4f99f8d068e6563c3820851d9390f6.js?body=1" for ::1 at 2016-04-07 22:38:34 -0400


Started GET "/messages" for ::1 at 2016-04-07 22:38:34 -0400
Processing by MessagesController#index as */*
Completed 200 OK in 2ms (Views: 1.1ms | ActiveRecord: 0.0ms)


Started GET "/messages" for ::1 at 2016-04-07 22:38:35 -0400
Processing by MessagesController#index as */*
Completed 200 OK in 1ms (Views: 0.6ms | ActiveRecord: 0.0ms)


Started GET "/messages" for ::1 at 2016-04-07 22:38:36 -0400
Processing by MessagesController#index as */*
Completed 200 OK in 1ms (Views: 0.3ms | ActiveRecord: 0.0ms)


Started GET "/" for ::1 at 2016-04-08 13:04:03 -0400
Processing by HomeController#index as HTML
  Rendered home/index.html.haml within layouts/application (2.7ms)
Completed 200 OK in 1436ms (Views: 1427.4ms | ActiveRecord: 0.0ms)


Started GET "/assets/application.self-e80e8f2318043e8af94dddc2adad5a4f09739a8ebb323b3ab31cd71d45fd9113.css?body=1" for ::1 at 2016-04-08 13:04:05 -0400


Started GET "/assets/jquery_ujs.self-d456baa54c1fa6be2ec3711f0a72ddf7a5b2f34a6b4f515f33767d6207b7d4b3.js?body=1" for ::1 at 2016-04-08 13:04:05 -0400


Started GET "/assets/turbolinks.self-c37727e9bd6b2735da5c311aa83fead54ed0be6cc8bd9a65309e9c5abe2cbfff.js?body=1" for ::1 at 2016-04-08 13:04:05 -0400


Started GET "/assets/development-with-addons/react.self-0f0e88a4f5a5deb90e24f4cd0b3ce2aefab69b2118aa370dd8a6e952b3804b78.js?body=1" for ::1 at 2016-04-08 13:04:05 -0400


Started GET "/assets/react_ujs.self-c42e5ee44bcda6910afca6fb40f99d9963074b3aefe72365ce90c24312e73b2b.js?body=1" for ::1 at 2016-04-08 13:04:05 -0400


Started GET "/assets/jquery.self-a714331225dda820228db323939889f149aec0127aeb06255646b616ba1ca419.js?body=1" for ::1 at 2016-04-08 13:04:05 -0400


Started GET "/assets/js-routes.self-c229afc8f91a740d77087a70aacb8cf70efe92eeec58e0835bf4694acaa834d2.js?body=1" for ::1 at 2016-04-08 13:04:05 -0400


Started GET "/assets/application.self-44dc72337fbefc4f8c73fc8781b922cf9e4f99f8d068e6563c3820851d9390f6.js?body=1" for ::1 at 2016-04-08 13:04:05 -0400
